<?xml version="1.0" encoding="UTF-8"?>
<!-- Generated by org.testng.reporters.JUnitXMLReporter -->
<testsuite hostname="Cnu" name="NewUserRegistartion" tests="2" failures="0" timestamp="9 Oct 2018 10:52:58 GMT" time="33.802" errors="0">
  <testcase name="register" time="1.151" classname="com.DataDriven.NewTour_NewUserRegistrations_TestData"/>
  <testcase name="newUserRegistration" time="21.007" classname="com.DataDriven.NewTour_NewUserRegistrations_TestData"/>
</testsuite> <!-- NewUserRegistartion -->
